<?xml version="1.0" encoding="UTF-8"?>
<testsuite xmlns:xsi="http://www.w3.org/2001/XMLSchema-instance" xsi:noNamespaceSchemaLocation="https://maven.apache.org/surefire/maven-surefire-plugin/xsd/surefire-test-report-3.0.xsd" version="3.0" name="com.healthplan.work.WorkApplicationTests" time="7.922" tests="1" errors="0" skipped="0" failures="0">
  <properties>
[...]
</properties>
  <testcase name="contextLoads" classname="com.healthplan.work.WorkApplicationTests" time="1.74">
    <system-out><![CDATA[14:20:53.898 [main] INFO org.springframework.test.context.support.AnnotationConfigContextLoaderUtils -- Could not detect default configuration classes for test class [com.healthplan.work.WorkApplicationTests]: WorkApplicationTests does not declare any static, non-private, non-final, nested classes annotated with @Configuration.
14:20:54.173 [main] INFO org.springframework.boot.test.context.SpringBootTestContextBootstrapper -- Found @SpringBootConfiguration com.healthplan.work.HealthPlanApplication for test class com.healthplan.work.WorkApplicationTests
14:20:54.530 [main] INFO org.springframework.boot.devtools.restart.RestartApplicationListener -- Restart disabled due to context in which it is running

  .   ____          _            __ _ _
 /\\ / ___'_ __ _ _(_)_ __  __ _ \ \ \ \
( ( )\___ | '_ | '_| | '_ \/ _` | \ \ \ \
 \\/  ___)| |_)| | | | | || (_| |  ) ) ) )
  '  |____| .__|_| |_|_| |_\__, | / / / /
 =========|_|==============|___/=/_/_/_/
 :: Spring Boot ::                (v3.2.9)

2024-12-10T14:20:55.128+09:00  INFO 1094137 --- [work] [           main] c.healthplan.work.WorkApplicationTests   : Starting WorkApplicationTests using Java 17.0.13 with PID 1094137 (started by user1 in /home/user1/workspace/hpp_v2/hp_v2)
2024-12-10T14:20:55.132+09:00  INFO 1094137 --- [work] [           main] c.healthplan.work.WorkApplicationTests   : No active profile set, falling back to 1 default profile: "default"
2024-12-10T14:20:58.518+09:00  INFO 1094137 --- [work] [           main] f.a.AutowiredAnnotationBeanPostProcessor : Autowired annotation is not supported on static fields: private static final org.slf4j.Logger com.healthplan.work.Controller.MemberController.logger
2024-12-10T14:20:58.877+09:00  INFO 1094137 --- [work] [           main] o.s.b.a.w.s.WelcomePageHandlerMapping    : Adding welcome page: class path resource [static/index.html]
2024-12-10T14:20:59.661+09:00  INFO 1094137 --- [work] [           main] c.healthplan.work.WorkApplicationTests   : Started WorkApplicationTests in 5.161 seconds (process running for 7.529)
]]></system-out>
  </testcase>
</testsuite>